SF:lib/features/auth/data/datasources/do_login_data_source_firebase.dart
DA:6,1
DA:11,1
LF:2
LH:2
end_of_record
SF:lib/features/auth/data/models/user_model.dart
DA:6,4
DA:11,4
DA:18,2
DA:19,2
DA:20,2
DA:21,4
DA:22,2
DA:23,2
DA:27,2
DA:28,2
DA:29,2
DA:30,4
DA:31,2
DA:32,2
DA:36,1
DA:37,1
DA:38,1
DA:39,2
DA:40,1
DA:41,1
DA:45,1
DA:46,5
DA:48,3
DA:50,1
DA:51,2
LF:25
LH:25
end_of_record
SF:lib/features/auth/domain/entities/user.dart
DA:9,5
DA:16,0
DA:17,0
LF:3
LH:1
end_of_record
SF:lib/features/auth/presenter/controllers/login_controller.dart
DA:6,0
DA:10,0
DA:14,0
DA:15,0
DA:21,0
DA:23,0
LF:6
LH:0
end_of_record
SF:lib/core/error/failure.dart
DA:5,3
DA:7,3
DA:8,6
DA:12,1
DA:18,1
DA:23,2
LF:6
LH:6
end_of_record
SF:lib/features/auth/domain/usecases/do_login.dart
DA:11,1
DA:19,1
DA:21,1
DA:23,2
DA:24,1
DA:25,1
LF:6
LH:6
end_of_record
SF:lib/features/auth/data/datasources/do_login_data_source_api.dart
DA:9,1
DA:11,1
DA:17,2
DA:19,1
DA:24,2
DA:26,1
LF:6
LH:6
end_of_record
SF:lib/features/auth/data/repositories/do_login_repository_impl.dart
DA:10,1
DA:12,1
DA:18,2
DA:22,1
DA:23,1
DA:24,1
LF:6
LH:6
end_of_record
SF:lib/features/auth/presenter/pages/login_page.dart
DA:8,1
DA:11,1
DA:13,1
DA:15,1
DA:17,1
DA:19,1
DA:21,0
DA:22,0
DA:23,0
DA:24,0
DA:25,0
DA:26,0
DA:27,0
DA:30,0
DA:31,0
LF:15
LH:6
end_of_record
